<testsuite errors="0" failures="0" tests="53" skipped="0" name="org.apache.lucene.index.TestIndexSorting" hostname="nohost.nodomain" time="3.778" timestamp="2024-05-28T18:49:27">
   <properties class="java.util.ArrayList">
      <property name="file.separator" value="\"/>
      <property name="java.class.path" value="D:\work\git\lucene-8.11.1\build\codecs\classes\java;D:\work\git\lucene-8.11.1\build\test-framework\classes\java;D:\work\git\lucene-8.11.1\test-framework\lib\hamcrest-core-1.3.jar;D:\work\git\lucene-8.11.1\test-framework\lib\junit-4.13.1.jar;D:\work\git\lucene-8.11.1\test-framework\lib\randomizedtesting-runner-2.7.2.jar;D:\work\git\lucene-8.11.1\build\core\classes\java;D:\work\git\lucene-8.11.1\build\core\classes\test;C:\Users\王娜\.ivy2\cache\com.carrotsearch.randomizedtesting\junit4-ant\jars\junit4-ant-2.7.2.jar"/>
      <property name="java.class.version" value="52.0"/>
      <property name="java.ext.dirs" value="C:\Program Files\Java\jdk1.8.0_351\jre\lib\ext;C:\WINDOWS\Sun\Java\lib\ext"/>
      <property name="java.home" value="C:\Program Files\Java\jdk1.8.0_351\jre"/>
      <property name="java.io.tmpdir" value="./temp"/>
      <property name="java.library.path" value="C:\Program Files\Java\jdk1.8.0_351\jre\bin;C:\WINDOWS\Sun\Java\bin;C:\WINDOWS\system32;C:\WINDOWS;C:\Program Files\Common Files\Oracle\Java\javapath;C:\Program Files (x86)\Common Files\Oracle\Java\javapath;C:\WINDOWS\system32;C:\WINDOWS;C:\WINDOWS\System32\Wbem;C:\WINDOWS\System32\WindowsPowerShell\v1.0\;C:\WINDOWS\System32\OpenSSH\;C:\Program Files\Docker\Docker\resources\bin;C:\Program Files\Git\cmd;C:\Program Files\dotnet\;C:\Program Files\nodejs\;C:\Program Files\TortoiseSVN\bin;C:\Users\王娜\AppData\Local\Microsoft\WindowsApps;C:\Program Files\JetBrains\CLion 2022.2.1\bin;;C:\Program Files\JetBrains\IntelliJ IDEA 2021.2.3\bin;;D:\software\mongo\mongodb-win32-x86_64-windows-4.4.19\bin;C:\WINDOWS\System32\Wbem;C:\Users\王娜\.dotnet\tools;C:\Users\王娜\AppData\Roaming\npm;C:\Program Files\JetBrains\PyCharm 2022.2.1\bin;;D:\software\ant\apache-ant-1.10.14\bin;;."/>
      <property name="java.specification.name" value="Java Platform API Specification"/>
      <property name="java.specification.vendor" value="Oracle Corporation"/>
      <property name="java.specification.version" value="1.8"/>
      <property name="java.vendor" value="Oracle Corporation"/>
      <property name="java.vendor.url" value="http://java.oracle.com/"/>
      <property name="java.version" value="1.8.0_351"/>
      <property name="java.vm.name" value="Java HotSpot(TM) 64-Bit Server VM"/>
      <property name="java.vm.specification.name" value="Java Virtual Machine Specification"/>
      <property name="java.vm.specification.vendor" value="Oracle Corporation"/>
      <property name="java.vm.specification.version" value="1.8"/>
      <property name="java.vm.vendor" value="Oracle Corporation"/>
      <property name="java.vm.version" value="25.351-b10"/>
      <property name="junit4.memory.total" value="253231104"/>
      <property name="junit4.pidString" value="24996@localhost"/>
      <property name="junit4.processors" value="16"/>
      <property name="line.separator" value="
"/>
      <property name="os.arch" value="amd64"/>
      <property name="os.name" value="Windows 11"/>
      <property name="os.version" value="10.0"/>
      <property name="path.separator" value=";"/>
      <property name="user.dir" value="D:\work\git\lucene-8.11.1\build\core\test\J0"/>
      <property name="user.home" value="C:\Users\王娜"/>
      <property name="user.name" value="王娜"/>
   </properties>
   <testcase classname="org.apache.lucene.index.TestIndexSorting" name="testMissingLongLast" time="0.0"/>
   <testcase classname="org.apache.lucene.index.TestIndexSorting" name="testRandom1" time="0.064"/>
   <testcase classname="org.apache.lucene.index.TestIndexSorting" name="testBasicDouble" time="0.0"/>
   <testcase classname="org.apache.lucene.index.TestIndexSorting" name="testBadSort" time="0.015"/>
   <testcase classname="org.apache.lucene.index.TestIndexSorting" name="testAddIndexesWithDirectory" time="0.0"/>
   <testcase classname="org.apache.lucene.index.TestIndexSorting" name="testStringAlreadySorted" time="0.059"/>
   <testcase classname="org.apache.lucene.index.TestIndexSorting" name="testBasicInt" time="0.0"/>
   <testcase classname="org.apache.lucene.index.TestIndexSorting" name="testRandom2" time="1.078"/>
   <testcase classname="org.apache.lucene.index.TestIndexSorting" name="testBadDVUpdate" time="0.0"/>
   <testcase classname="org.apache.lucene.index.TestIndexSorting" name="testConcurrentDVUpdates" time="0.1"/>
   <testcase classname="org.apache.lucene.index.TestIndexSorting" name="testAddIndexesWithDeletions" time="0.0"/>
   <testcase classname="org.apache.lucene.index.TestIndexSorting" name="testMultiValuedRandom1" time="0.109"/>
   <testcase classname="org.apache.lucene.index.TestIndexSorting" name="testMissingMultiValuedIntFirst" time="0.016"/>
   <testcase classname="org.apache.lucene.index.TestIndexSorting" name="testBasicMultiValuedLong" time="0.0"/>
   <testcase classname="org.apache.lucene.index.TestIndexSorting" name="testNumericAlreadySorted" time="0.031"/>
   <testcase classname="org.apache.lucene.index.TestIndexSorting" name="testMissingMultiValuedLongLast" time="0.0"/>
   <testcase classname="org.apache.lucene.index.TestIndexSorting" name="testConcurrentUpdates" time="0.173"/>
   <testcase classname="org.apache.lucene.index.TestIndexSorting" name="testMissingIntFirst" time="0.016"/>
   <testcase classname="org.apache.lucene.index.TestIndexSorting" name="testBasicMultiValuedInt" time="0.0"/>
   <testcase classname="org.apache.lucene.index.TestIndexSorting" name="testMissingFloatFirst" time="0.0"/>
   <testcase classname="org.apache.lucene.index.TestIndexSorting" name="testBasicMultiValuedDouble" time="0.015"/>
   <testcase classname="org.apache.lucene.index.TestIndexSorting" name="testMissingMultiValuedIntLast" time="0.0"/>
   <testcase classname="org.apache.lucene.index.TestIndexSorting" name="testBasicMultiValuedFloat" time="0.016"/>
   <testcase classname="org.apache.lucene.index.TestIndexSorting" name="testMissingDoubleFirst" time="0.0"/>
   <testcase classname="org.apache.lucene.index.TestIndexSorting" name="testTieBreak" time="0.0"/>
   <testcase classname="org.apache.lucene.index.TestIndexSorting" name="testMissingLongFirst" time="0.015"/>
   <testcase classname="org.apache.lucene.index.TestIndexSorting" name="testBasicFloat" time="0.0"/>
   <testcase classname="org.apache.lucene.index.TestIndexSorting" name="testWrongSortFieldType" time="0.01"/>
   <testcase classname="org.apache.lucene.index.TestIndexSorting" name="testIllegalChangeSort" time="0.0"/>
   <testcase classname="org.apache.lucene.index.TestIndexSorting" name="testBadAddIndexes" time="0.007"/>
   <testcase classname="org.apache.lucene.index.TestIndexSorting" name="testMissingMultiValuedDoubleLast" time="0.298"/>
   <testcase classname="org.apache.lucene.index.TestIndexSorting" name="testMissingMultiValuedStringLast" time="0.0"/>
   <testcase classname="org.apache.lucene.index.TestIndexSorting" name="testMissingDoubleLast" time="0.173"/>
   <testcase classname="org.apache.lucene.index.TestIndexSorting" name="testMissingIntLast" time="0.0"/>
   <testcase classname="org.apache.lucene.index.TestIndexSorting" name="testMissingMultiValuedFloatFirst" time="0.015"/>
   <testcase classname="org.apache.lucene.index.TestIndexSorting" name="testBasicLong" time="0.008"/>
   <testcase classname="org.apache.lucene.index.TestIndexSorting" name="testDeleteByTermOrQuery" time="0.0"/>
   <testcase classname="org.apache.lucene.index.TestIndexSorting" name="testMissingMultiValuedFloatLast" time="0.008"/>
   <testcase classname="org.apache.lucene.index.TestIndexSorting" name="testIndexSortOnSparseField" time="0.0"/>
   <testcase classname="org.apache.lucene.index.TestIndexSorting" name="testMissingMultiValuedStringFirst" time="0.0"/>
   <testcase classname="org.apache.lucene.index.TestIndexSorting" name="testRandom3" time="1.295"/>
   <testcase classname="org.apache.lucene.index.TestIndexSorting" name="testBasicString" time="0.007"/>
   <testcase classname="org.apache.lucene.index.TestIndexSorting" name="testMissingMultiValuedLongFirst" time="0.0"/>
   <testcase classname="org.apache.lucene.index.TestIndexSorting" name="testMissingStringFirst" time="0.0"/>
   <testcase classname="org.apache.lucene.index.TestIndexSorting" name="testIndexSortWithSparseField" time="0.016"/>
   <testcase classname="org.apache.lucene.index.TestIndexSorting" name="testMissingStringLast" time="0.0"/>
   <testcase classname="org.apache.lucene.index.TestIndexSorting" name="testMissingMultiValuedDoubleFirst" time="0.0"/>
   <testcase classname="org.apache.lucene.index.TestIndexSorting" name="testAddIndexesWithDeletionsAndDirectory" time="0.015"/>
   <testcase classname="org.apache.lucene.index.TestIndexSorting" name="testBasicMultiValuedString" time="0.0"/>
   <testcase classname="org.apache.lucene.index.TestIndexSorting" name="testMultiValuedStringAlreadySorted" time="0.031"/>
   <testcase classname="org.apache.lucene.index.TestIndexSorting" name="testAddIndexes" time="0.016"/>
   <testcase classname="org.apache.lucene.index.TestIndexSorting" name="testMissingFloatLast" time="0.0"/>
   <testcase classname="org.apache.lucene.index.TestIndexSorting" name="testMultiValuedNumericAlreadySorted" time="0.032"/>
   <system-out><![CDATA[]]></system-out>
   <system-err><![CDATA[]]></system-err>
</testsuite>