<testsuite errors="0" failures="1" tests="103" skipped="5" name="org.apache.lucene.index.TestIndexWriter" hostname="nohost.nodomain" time="5.338" timestamp="2024-05-28T18:49:28">
   <properties class="java.util.ArrayList">
      <property name="file.separator" value="\"/>
      <property name="java.class.path" value="D:\work\git\lucene-8.11.1\build\codecs\classes\java;D:\work\git\lucene-8.11.1\build\test-framework\classes\java;D:\work\git\lucene-8.11.1\test-framework\lib\hamcrest-core-1.3.jar;D:\work\git\lucene-8.11.1\test-framework\lib\junit-4.13.1.jar;D:\work\git\lucene-8.11.1\test-framework\lib\randomizedtesting-runner-2.7.2.jar;D:\work\git\lucene-8.11.1\build\core\classes\java;D:\work\git\lucene-8.11.1\build\core\classes\test;C:\Users\王娜\.ivy2\cache\com.carrotsearch.randomizedtesting\junit4-ant\jars\junit4-ant-2.7.2.jar"/>
      <property name="java.class.version" value="52.0"/>
      <property name="java.ext.dirs" value="C:\Program Files\Java\jdk1.8.0_351\jre\lib\ext;C:\WINDOWS\Sun\Java\lib\ext"/>
      <property name="java.home" value="C:\Program Files\Java\jdk1.8.0_351\jre"/>
      <property name="java.io.tmpdir" value="./temp"/>
      <property name="java.library.path" value="C:\Program Files\Java\jdk1.8.0_351\jre\bin;C:\WINDOWS\Sun\Java\bin;C:\WINDOWS\system32;C:\WINDOWS;C:\Program Files\Common Files\Oracle\Java\javapath;C:\Program Files (x86)\Common Files\Oracle\Java\javapath;C:\WINDOWS\system32;C:\WINDOWS;C:\WINDOWS\System32\Wbem;C:\WINDOWS\System32\WindowsPowerShell\v1.0\;C:\WINDOWS\System32\OpenSSH\;C:\Program Files\Docker\Docker\resources\bin;C:\Program Files\Git\cmd;C:\Program Files\dotnet\;C:\Program Files\nodejs\;C:\Program Files\TortoiseSVN\bin;C:\Users\王娜\AppData\Local\Microsoft\WindowsApps;C:\Program Files\JetBrains\CLion 2022.2.1\bin;;C:\Program Files\JetBrains\IntelliJ IDEA 2021.2.3\bin;;D:\software\mongo\mongodb-win32-x86_64-windows-4.4.19\bin;C:\WINDOWS\System32\Wbem;C:\Users\王娜\.dotnet\tools;C:\Users\王娜\AppData\Roaming\npm;C:\Program Files\JetBrains\PyCharm 2022.2.1\bin;;D:\software\ant\apache-ant-1.10.14\bin;;."/>
      <property name="java.specification.name" value="Java Platform API Specification"/>
      <property name="java.specification.vendor" value="Oracle Corporation"/>
      <property name="java.specification.version" value="1.8"/>
      <property name="java.vendor" value="Oracle Corporation"/>
      <property name="java.vendor.url" value="http://java.oracle.com/"/>
      <property name="java.version" value="1.8.0_351"/>
      <property name="java.vm.name" value="Java HotSpot(TM) 64-Bit Server VM"/>
      <property name="java.vm.specification.name" value="Java Virtual Machine Specification"/>
      <property name="java.vm.specification.vendor" value="Oracle Corporation"/>
      <property name="java.vm.specification.version" value="1.8"/>
      <property name="java.vm.vendor" value="Oracle Corporation"/>
      <property name="java.vm.version" value="25.351-b10"/>
      <property name="junit4.memory.total" value="253231104"/>
      <property name="junit4.pidString" value="3496@localhost"/>
      <property name="junit4.processors" value="16"/>
      <property name="line.separator" value="
"/>
      <property name="os.arch" value="amd64"/>
      <property name="os.name" value="Windows 11"/>
      <property name="os.version" value="10.0"/>
      <property name="path.separator" value=";"/>
      <property name="user.dir" value="D:\work\git\lucene-8.11.1\build\core\test\J1"/>
      <property name="user.home" value="C:\Users\王娜"/>
      <property name="user.name" value="王娜"/>
   </properties>
   <testcase classname="org.apache.lucene.index.TestIndexWriter" name="testCheckPendingFlushPostUpdate" time="0.424"/>
   <testcase classname="org.apache.lucene.index.TestIndexWriter" name="testHasUncommittedChangesAfterException" time="0.0"/>
   <testcase classname="org.apache.lucene.index.TestIndexWriter" name="testRecordsIndexCreatedVersion" time="0.0"/>
   <testcase classname="org.apache.lucene.index.TestIndexWriter" name="testFlushWithNoMerging" time="0.015"/>
   <testcase classname="org.apache.lucene.index.TestIndexWriter" name="testNRTAfterSetUserDataWithoutCommit" time="0.0"/>
   <testcase classname="org.apache.lucene.index.TestIndexWriter" name="testMassiveField" time="0.0">
      <skipped></skipped>
   </testcase>
   <testcase classname="org.apache.lucene.index.TestIndexWriter" name="testEmptyDocAfterFlushingRealDoc" time="0.0"/>
   <testcase classname="org.apache.lucene.index.TestIndexWriter" name="testNoDocsIndex" time="0.0"/>
   <testcase classname="org.apache.lucene.index.TestIndexWriter" name="testPendingDeleteDVGeneration" time="0.008">
      <skipped></skipped>
   </testcase>
   <testcase classname="org.apache.lucene.index.TestIndexWriter" name="testHasUncommittedChanges" time="0.0"/>
   <testcase classname="org.apache.lucene.index.TestIndexWriter" name="testOtherFiles" time="0.0"/>
   <testcase classname="org.apache.lucene.index.TestIndexWriter" name="testDeleteSameTermAcrossFields" time="0.0"/>
   <testcase classname="org.apache.lucene.index.TestIndexWriter" name="testDontInvokeAnalyzerForUnAnalyzedFields" time="0.008"/>
   <testcase classname="org.apache.lucene.index.TestIndexWriter" name="testSetIndexCreatedVersion" time="0.0"/>
   <testcase classname="org.apache.lucene.index.TestIndexWriter" name="testCloseThenRollback" time="0.0"/>
   <testcase classname="org.apache.lucene.index.TestIndexWriter" name="testSoftUpdatesConcurrentlyMixedDeletes" time="0.016"/>
   <testcase classname="org.apache.lucene.index.TestIndexWriter" name="testEmptyFieldNameTerms" time="0.0"/>
   <testcase classname="org.apache.lucene.index.TestIndexWriter" name="testWickedLongTerm" time="0.0"/>
   <testcase classname="org.apache.lucene.index.TestIndexWriter" name="testIds" time="0.094"/>
   <testcase classname="org.apache.lucene.index.TestIndexWriter" name="testSegmentInfoIsSnapshot" time="0.0"/>
   <testcase classname="org.apache.lucene.index.TestIndexWriter" name="testDeleteHappensBeforeWhileFlush" time="0.0"/>
   <testcase classname="org.apache.lucene.index.TestIndexWriter" name="testDocCount" time="0.047"/>
   <testcase classname="org.apache.lucene.index.TestIndexWriter" name="testCreateWithReader" time="0.0"/>
   <testcase classname="org.apache.lucene.index.TestIndexWriter" name="testDoBeforeAfterFlush" time="0.016"/>
   <testcase classname="org.apache.lucene.index.TestIndexWriter" name="testChangesAfterClose" time="0.0"/>
   <testcase classname="org.apache.lucene.index.TestIndexWriter" name="testNoUnwantedTVFiles" time="0.0"/>
   <testcase classname="org.apache.lucene.index.TestIndexWriter" name="testCorruptFirstCommit" time="0.0"/>
   <testcase classname="org.apache.lucene.index.TestIndexWriter" name="testEmptyFieldNameWithEmptyTerm" time="0.126"/>
   <testcase classname="org.apache.lucene.index.TestIndexWriter" name="testStopwordsPosIncHole" time="0.0"/>
   <testcase classname="org.apache.lucene.index.TestIndexWriter" name="testDeleteUnusedFiles" time="0.628">
      <failure message="" type="java.lang.AssertionError">java.lang.AssertionError
	at __randomizedtesting.SeedInfo.seed([DEE592445DAF6F50:61D3C0CB35F7C2BF]:0)
	at org.junit.Assert.fail(Assert.java:87)
	at org.junit.Assert.assertTrue(Assert.java:42)
	at org.junit.Assert.assertTrue(Assert.java:53)
	at org.apache.lucene.index.TestIndexWriter.testDeleteUnusedFiles(TestIndexWriter.java:1316)
	at sun.reflect.NativeMethodAccessorImpl.invoke0(Native Method)
	at sun.reflect.NativeMethodAccessorImpl.invoke(NativeMethodAccessorImpl.java:62)
	at sun.reflect.DelegatingMethodAccessorImpl.invoke(DelegatingMethodAccessorImpl.java:43)
	at java.lang.reflect.Method.invoke(Method.java:498)
	at com.carrotsearch.randomizedtesting.RandomizedRunner.invoke(RandomizedRunner.java:1750)
	at com.carrotsearch.randomizedtesting.RandomizedRunner$8.evaluate(RandomizedRunner.java:938)
	at com.carrotsearch.randomizedtesting.RandomizedRunner$9.evaluate(RandomizedRunner.java:974)
	at com.carrotsearch.randomizedtesting.RandomizedRunner$10.evaluate(RandomizedRunner.java:988)
	at org.apache.lucene.util.TestRuleSetupTeardownChained$1.evaluate(TestRuleSetupTeardownChained.java:49)
	at org.apache.lucene.util.AbstractBeforeAfterRule$1.evaluate(AbstractBeforeAfterRule.java:45)
	at org.apache.lucene.util.TestRuleThreadAndTestName$1.evaluate(TestRuleThreadAndTestName.java:48)
	at org.apache.lucene.util.TestRuleIgnoreAfterMaxFailures$1.evaluate(TestRuleIgnoreAfterMaxFailures.java:64)
	at org.apache.lucene.util.TestRuleMarkFailure$1.evaluate(TestRuleMarkFailure.java:47)
	at org.junit.rules.RunRules.evaluate(RunRules.java:20)
	at com.carrotsearch.randomizedtesting.rules.StatementAdapter.evaluate(StatementAdapter.java:36)
	at com.carrotsearch.randomizedtesting.ThreadLeakControl$StatementRunner.run(ThreadLeakControl.java:368)
	at com.carrotsearch.randomizedtesting.ThreadLeakControl.forkTimeoutingTask(ThreadLeakControl.java:817)
	at com.carrotsearch.randomizedtesting.ThreadLeakControl$3.evaluate(ThreadLeakControl.java:468)
	at com.carrotsearch.randomizedtesting.RandomizedRunner.runSingleTest(RandomizedRunner.java:947)
	at com.carrotsearch.randomizedtesting.RandomizedRunner$5.evaluate(RandomizedRunner.java:832)
	at com.carrotsearch.randomizedtesting.RandomizedRunner$6.evaluate(RandomizedRunner.java:883)
	at com.carrotsearch.randomizedtesting.RandomizedRunner$7.evaluate(RandomizedRunner.java:894)
	at org.apache.lucene.util.AbstractBeforeAfterRule$1.evaluate(AbstractBeforeAfterRule.java:45)
	at com.carrotsearch.randomizedtesting.rules.StatementAdapter.evaluate(StatementAdapter.java:36)
	at org.apache.lucene.util.TestRuleStoreClassName$1.evaluate(TestRuleStoreClassName.java:41)
	at com.carrotsearch.randomizedtesting.rules.NoShadowingOrOverridesOnMethodsRule$1.evaluate(NoShadowingOrOverridesOnMethodsRule.java:40)
	at com.carrotsearch.randomizedtesting.rules.NoShadowingOrOverridesOnMethodsRule$1.evaluate(NoShadowingOrOverridesOnMethodsRule.java:40)
	at com.carrotsearch.randomizedtesting.rules.StatementAdapter.evaluate(StatementAdapter.java:36)
	at com.carrotsearch.randomizedtesting.rules.StatementAdapter.evaluate(StatementAdapter.java:36)
	at com.carrotsearch.randomizedtesting.rules.StatementAdapter.evaluate(StatementAdapter.java:36)
	at org.apache.lucene.util.TestRuleAssertionsRequired$1.evaluate(TestRuleAssertionsRequired.java:53)
	at org.apache.lucene.util.TestRuleMarkFailure$1.evaluate(TestRuleMarkFailure.java:47)
	at org.apache.lucene.util.TestRuleIgnoreAfterMaxFailures$1.evaluate(TestRuleIgnoreAfterMaxFailures.java:64)
	at org.apache.lucene.util.TestRuleIgnoreTestSuites$1.evaluate(TestRuleIgnoreTestSuites.java:54)
	at org.junit.rules.RunRules.evaluate(RunRules.java:20)
	at com.carrotsearch.randomizedtesting.rules.StatementAdapter.evaluate(StatementAdapter.java:36)
	at com.carrotsearch.randomizedtesting.ThreadLeakControl$StatementRunner.run(ThreadLeakControl.java:368)
	at java.lang.Thread.run(Thread.java:750)
</failure>
   </testcase>
   <testcase classname="org.apache.lucene.index.TestIndexWriter" name="testHoldLockOnLargestWriter" time="0.015"/>
   <testcase classname="org.apache.lucene.index.TestIndexWriter" name="testCloseWhileMergeIsRunning" time="0.0"/>
   <testcase classname="org.apache.lucene.index.TestIndexWriter" name="testNullDocuments" time="0.0"/>
   <testcase classname="org.apache.lucene.index.TestIndexWriter" name="testLeftoverTempFiles" time="0.016"/>
   <testcase classname="org.apache.lucene.index.TestIndexWriter" name="testGetCommitData" time="0.0"/>
   <testcase classname="org.apache.lucene.index.TestIndexWriter" name="testSoftAndHardLiveDocs" time="0.047"/>
   <testcase classname="org.apache.lucene.index.TestIndexWriter" name="testSmallRAMBuffer" time="0.0"/>
   <testcase classname="org.apache.lucene.index.TestIndexWriter" name="testIndexNoDocuments" time="0.016"/>
   <testcase classname="org.apache.lucene.index.TestIndexWriter" name="testMergeZeroDocsMergeIsClosedOnce" time="0.0"/>
   <testcase classname="org.apache.lucene.index.TestIndexWriter" name="testCloseableQueue" time="0.0"/>
   <testcase classname="org.apache.lucene.index.TestIndexWriter" name="testNRTReaderVersion" time="0.0"/>
   <testcase classname="org.apache.lucene.index.TestIndexWriter" name="testPreventAddingIndexesWithDifferentSoftDeletesField" time="0.0"/>
   <testcase classname="org.apache.lucene.index.TestIndexWriter" name="testMaxThreadPriority" time="0.0"/>
   <testcase classname="org.apache.lucene.index.TestIndexWriter" name="testPositionIncrementGapEmptyField" time="0.0"/>
   <testcase classname="org.apache.lucene.index.TestIndexWriter" name="testStopwordsPosIncHole2" time="0.0"/>
   <testcase classname="org.apache.lucene.index.TestIndexWriter" name="testNullAnalyzer" time="0.0"/>
   <testcase classname="org.apache.lucene.index.TestIndexWriter" name="testNRTAfterCommit" time="0.016"/>
   <testcase classname="org.apache.lucene.index.TestIndexWriter" name="testEnsureMaxSeqNoIsAccurateDuringFlush" time="0.0"/>
   <testcase classname="org.apache.lucene.index.TestIndexWriter" name="testRandomOperations" time="0.094"/>
   <testcase classname="org.apache.lucene.index.TestIndexWriter" name="testWithPendingDeletions" time="0.0">
      <skipped></skipped>
   </testcase>
   <testcase classname="org.apache.lucene.index.TestIndexWriter" name="testNullDocument" time="0.016"/>
   <testcase classname="org.apache.lucene.index.TestIndexWriter" name="testCommitImmediatelyAfterNRTReopen" time="0.0"/>
   <testcase classname="org.apache.lucene.index.TestIndexWriter" name="testPrepareCommitThenClose" time="0.0"/>
   <testcase classname="org.apache.lucene.index.TestIndexWriter" name="testHighFreqTerm" time="0.047"/>
   <testcase classname="org.apache.lucene.index.TestIndexWriter" name="testIterableThrowsException2" time="0.016"/>
   <testcase classname="org.apache.lucene.index.TestIndexWriter" name="testPendingNumDocs" time="0.0"/>
   <testcase classname="org.apache.lucene.index.TestIndexWriter" name="testRandomOperationsWithSoftDeletes" time="0.11"/>
   <testcase classname="org.apache.lucene.index.TestIndexWriter" name="testRefreshAndRollbackConcurrently" time="0.0"/>
   <testcase classname="org.apache.lucene.index.TestIndexWriter" name="testSegmentCommitInfoId" time="0.0"/>
   <testcase classname="org.apache.lucene.index.TestIndexWriter" name="testPreventChangingSoftDeletesField" time="0.015"/>
   <testcase classname="org.apache.lucene.index.TestIndexWriter" name="testDoubleClose" time="0.0"/>
   <testcase classname="org.apache.lucene.index.TestIndexWriter" name="testNRTAfterSetUserDataWithCommit" time="0.0"/>
   <testcase classname="org.apache.lucene.index.TestIndexWriter" name="testAbortFullyDeletedSegment" time="0.0"/>
   <testcase classname="org.apache.lucene.index.TestIndexWriter" name="testSoftUpdatesConcurrently" time="0.016"/>
   <testcase classname="org.apache.lucene.index.TestIndexWriter" name="testEnablingNorms" time="0.0"/>
   <testcase classname="org.apache.lucene.index.TestIndexWriter" name="testFlushWhileStartingNewThreads" time="0.0"/>
   <testcase classname="org.apache.lucene.index.TestIndexWriter" name="testDeleteAllNRTLeftoverFiles" time="0.015"/>
   <testcase classname="org.apache.lucene.index.TestIndexWriter" name="testMergeAllDeleted" time="0.032"/>
   <testcase classname="org.apache.lucene.index.TestIndexWriter" name="testCommitWithUserDataOnly" time="0.016"/>
   <testcase classname="org.apache.lucene.index.TestIndexWriter" name="testIndexStoreCombos" time="0.0"/>
   <testcase classname="org.apache.lucene.index.TestIndexWriter" name="testMergeOnCommitKeepFullyDeletedSegments" time="0.0"/>
   <testcase classname="org.apache.lucene.index.TestIndexWriter" name="testVariableSchema" time="0.031"/>
   <testcase classname="org.apache.lucene.index.TestIndexWriter" name="testRollbackThenClose" time="0.0"/>
   <testcase classname="org.apache.lucene.index.TestIndexWriter" name="testNeverCheckOutOnFullFlush" time="0.0"/>
   <testcase classname="org.apache.lucene.index.TestIndexWriter" name="testFlushLargestWriter" time="0.0"/>
   <testcase classname="org.apache.lucene.index.TestIndexWriter" name="testFullyDeletedSegmentsReleaseFiles" time="0.0"/>
   <testcase classname="org.apache.lucene.index.TestIndexWriter" name="testNRTSegmentsFile" time="0.0"/>
   <testcase classname="org.apache.lucene.index.TestIndexWriter" name="testCloseDuringCommit" time="0.031"/>
   <testcase classname="org.apache.lucene.index.TestIndexWriter" name="testNotAllowUsingExistingFieldAsSoftDeletes" time="0.0"/>
   <testcase classname="org.apache.lucene.index.TestIndexWriter" name="testPendingDeletionsRollbackWithReader" time="0.0">
      <skipped></skipped>
   </testcase>
   <testcase classname="org.apache.lucene.index.TestIndexWriter" name="testEmptyFSDirWithNoLock" time="0.0"/>
   <testcase classname="org.apache.lucene.index.TestIndexWriter" name="testSoftUpdateDocuments" time="0.016"/>
   <testcase classname="org.apache.lucene.index.TestIndexWriter" name="testIterableFieldThrowsException" time="0.0"/>
   <testcase classname="org.apache.lucene.index.TestIndexWriter" name="testOnlyUpdateDocuments" time="0.016"/>
   <testcase classname="org.apache.lucene.index.TestIndexWriter" name="testPendingDeletesAlreadyWrittenFiles" time="0.0">
      <skipped></skipped>
   </testcase>
   <testcase classname="org.apache.lucene.index.TestIndexWriter" name="testChangingRAMBuffer" time="0.015"/>
   <testcase classname="org.apache.lucene.index.TestIndexWriter" name="testNegativePositions" time="0.0"/>
   <testcase classname="org.apache.lucene.index.TestIndexWriter" name="testEmptyNorm" time="0.0"/>
   <testcase classname="org.apache.lucene.index.TestIndexWriter" name="testEmptyDirRollback" time="0.0"/>
   <testcase classname="org.apache.lucene.index.TestIndexWriter" name="testDeleteUnusedFiles2" time="0.0"/>
   <testcase classname="org.apache.lucene.index.TestIndexWriter" name="testPrepareCommitThenRollback" time="0.0"/>
   <testcase classname="org.apache.lucene.index.TestIndexWriter" name="testMaxCompletedSequenceNumber" time="0.847"/>
   <testcase classname="org.apache.lucene.index.TestIndexWriter" name="testBadSegment" time="0.0"/>
   <testcase classname="org.apache.lucene.index.TestIndexWriter" name="testPrepareCommitThenRollback2" time="0.016"/>
   <testcase classname="org.apache.lucene.index.TestIndexWriter" name="testEmptyFieldName" time="0.0"/>
   <testcase classname="org.apache.lucene.index.TestIndexWriter" name="testThreadInterruptDeadlock" time="2.23"/>
   <testcase classname="org.apache.lucene.index.TestIndexWriter" name="testWhetherDeleteAllDeletesWriteLock" time="0.016"/>
   <testcase classname="org.apache.lucene.index.TestIndexWriter" name="testDeadlock" time="0.0"/>
   <testcase classname="org.apache.lucene.index.TestIndexWriter" name="testUnlimitedMaxFieldLength" time="0.0"/>
   <testcase classname="org.apache.lucene.index.TestIndexWriter" name="testIndexWriterBlocksOnStall" time="0.015"/>
   <testcase classname="org.apache.lucene.index.TestIndexWriter" name="testIterableThrowsException" time="0.0"/>
   <testcase classname="org.apache.lucene.index.TestIndexWriter" name="testManySeparateThreads" time="0.048"/>
   <testcase classname="org.apache.lucene.index.TestIndexWriter" name="testBrokenPayload" time="0.0"/>
   <system-out><![CDATA[]]></system-out>
   <system-err><![CDATA[]]></system-err>
</testsuite>