<testsuite errors="0" failures="0" tests="70" skipped="0" name="org.apache.lucene.search.TestSimpleExplanationsWithFillerDocs" hostname="nohost.nodomain" time="11.218" timestamp="2024-05-28T18:48:24">
   <properties class="java.util.ArrayList">
      <property name="file.separator" value="\"/>
      <property name="java.class.path" value="D:\work\git\lucene-8.11.1\build\codecs\classes\java;D:\work\git\lucene-8.11.1\build\test-framework\classes\java;D:\work\git\lucene-8.11.1\test-framework\lib\hamcrest-core-1.3.jar;D:\work\git\lucene-8.11.1\test-framework\lib\junit-4.13.1.jar;D:\work\git\lucene-8.11.1\test-framework\lib\randomizedtesting-runner-2.7.2.jar;D:\work\git\lucene-8.11.1\build\core\classes\java;D:\work\git\lucene-8.11.1\build\core\classes\test;C:\Users\王娜\.ivy2\cache\com.carrotsearch.randomizedtesting\junit4-ant\jars\junit4-ant-2.7.2.jar"/>
      <property name="java.class.version" value="52.0"/>
      <property name="java.ext.dirs" value="C:\Program Files\Java\jdk1.8.0_351\jre\lib\ext;C:\WINDOWS\Sun\Java\lib\ext"/>
      <property name="java.home" value="C:\Program Files\Java\jdk1.8.0_351\jre"/>
      <property name="java.io.tmpdir" value="./temp"/>
      <property name="java.library.path" value="C:\Program Files\Java\jdk1.8.0_351\jre\bin;C:\WINDOWS\Sun\Java\bin;C:\WINDOWS\system32;C:\WINDOWS;C:\Program Files\Common Files\Oracle\Java\javapath;C:\Program Files (x86)\Common Files\Oracle\Java\javapath;C:\WINDOWS\system32;C:\WINDOWS;C:\WINDOWS\System32\Wbem;C:\WINDOWS\System32\WindowsPowerShell\v1.0\;C:\WINDOWS\System32\OpenSSH\;C:\Program Files\Docker\Docker\resources\bin;C:\Program Files\Git\cmd;C:\Program Files\dotnet\;C:\Program Files\nodejs\;C:\Program Files\TortoiseSVN\bin;C:\Users\王娜\AppData\Local\Microsoft\WindowsApps;C:\Program Files\JetBrains\CLion 2022.2.1\bin;;C:\Program Files\JetBrains\IntelliJ IDEA 2021.2.3\bin;;D:\software\mongo\mongodb-win32-x86_64-windows-4.4.19\bin;C:\WINDOWS\System32\Wbem;C:\Users\王娜\.dotnet\tools;C:\Users\王娜\AppData\Roaming\npm;C:\Program Files\JetBrains\PyCharm 2022.2.1\bin;;D:\software\ant\apache-ant-1.10.14\bin;;."/>
      <property name="java.specification.name" value="Java Platform API Specification"/>
      <property name="java.specification.vendor" value="Oracle Corporation"/>
      <property name="java.specification.version" value="1.8"/>
      <property name="java.vendor" value="Oracle Corporation"/>
      <property name="java.vendor.url" value="http://java.oracle.com/"/>
      <property name="java.version" value="1.8.0_351"/>
      <property name="java.vm.name" value="Java HotSpot(TM) 64-Bit Server VM"/>
      <property name="java.vm.specification.name" value="Java Virtual Machine Specification"/>
      <property name="java.vm.specification.vendor" value="Oracle Corporation"/>
      <property name="java.vm.specification.version" value="1.8"/>
      <property name="java.vm.vendor" value="Oracle Corporation"/>
      <property name="java.vm.version" value="25.351-b10"/>
      <property name="junit4.memory.total" value="253231104"/>
      <property name="junit4.pidString" value="6476@localhost"/>
      <property name="junit4.processors" value="16"/>
      <property name="line.separator" value="
"/>
      <property name="os.arch" value="amd64"/>
      <property name="os.name" value="Windows 11"/>
      <property name="os.version" value="10.0"/>
      <property name="path.separator" value=";"/>
      <property name="user.dir" value="D:\work\git\lucene-8.11.1\build\core\test\J3"/>
      <property name="user.home" value="C:\Users\王娜"/>
      <property name="user.name" value="王娜"/>
   </properties>
   <testcase classname="org.apache.lucene.search.TestSimpleExplanationsWithFillerDocs" name="testDMQ9" time="0.178"/>
   <testcase classname="org.apache.lucene.search.TestSimpleExplanationsWithFillerDocs" name="testBQ8" time="0.242"/>
   <testcase classname="org.apache.lucene.search.TestSimpleExplanationsWithFillerDocs" name="testMultiFieldBQofPQ3" time="0.203"/>
   <testcase classname="org.apache.lucene.search.TestSimpleExplanationsWithFillerDocs" name="testDMQ1" time="0.174"/>
   <testcase classname="org.apache.lucene.search.TestSimpleExplanationsWithFillerDocs" name="testBQ14" time="0.208"/>
   <testcase classname="org.apache.lucene.search.TestSimpleExplanationsWithFillerDocs" name="testMultiFieldBQ7" time="0.125"/>
   <testcase classname="org.apache.lucene.search.TestSimpleExplanationsWithFillerDocs" name="testMPQ6" time="0.267"/>
   <testcase classname="org.apache.lucene.search.TestSimpleExplanationsWithFillerDocs" name="testBQ15" time="0.166"/>
   <testcase classname="org.apache.lucene.search.TestSimpleExplanationsWithFillerDocs" name="testP7" time="0.157"/>
   <testcase classname="org.apache.lucene.search.TestSimpleExplanationsWithFillerDocs" name="testMultiFieldBQofPQ6" time="0.191"/>
   <testcase classname="org.apache.lucene.search.TestSimpleExplanationsWithFillerDocs" name="testDMQ3" time="0.048"/>
   <testcase classname="org.apache.lucene.search.TestSimpleExplanationsWithFillerDocs" name="testBQ24" time="0.196"/>
   <testcase classname="org.apache.lucene.search.TestSimpleExplanationsWithFillerDocs" name="testCSQ1" time="0.169"/>
   <testcase classname="org.apache.lucene.search.TestSimpleExplanationsWithFillerDocs" name="testMultiFieldBQ8" time="0.208"/>
   <testcase classname="org.apache.lucene.search.TestSimpleExplanationsWithFillerDocs" name="testP5" time="0.11"/>
   <testcase classname="org.apache.lucene.search.TestSimpleExplanationsWithFillerDocs" name="testP6" time="0.129"/>
   <testcase classname="org.apache.lucene.search.TestSimpleExplanationsWithFillerDocs" name="testDMQ2" time="0.159"/>
   <testcase classname="org.apache.lucene.search.TestSimpleExplanationsWithFillerDocs" name="testMPQ3" time="0.255"/>
   <testcase classname="org.apache.lucene.search.TestSimpleExplanationsWithFillerDocs" name="testCSQ2" time="0.069"/>
   <testcase classname="org.apache.lucene.search.TestSimpleExplanationsWithFillerDocs" name="testCSQ3" time="0.056"/>
   <testcase classname="org.apache.lucene.search.TestSimpleExplanationsWithFillerDocs" name="testMPQ1" time="0.267"/>
   <testcase classname="org.apache.lucene.search.TestSimpleExplanationsWithFillerDocs" name="testDMQ5" time="0.12"/>
   <testcase classname="org.apache.lucene.search.TestSimpleExplanationsWithFillerDocs" name="testMultiFieldBQofPQ2" time="0.157"/>
   <testcase classname="org.apache.lucene.search.TestSimpleExplanationsWithFillerDocs" name="testMultiFieldBQ6" time="0.191"/>
   <testcase classname="org.apache.lucene.search.TestSimpleExplanationsWithFillerDocs" name="testMultiFieldBQ3" time="0.191"/>
   <testcase classname="org.apache.lucene.search.TestSimpleExplanationsWithFillerDocs" name="testBQ20" time="0.172"/>
   <testcase classname="org.apache.lucene.search.TestSimpleExplanationsWithFillerDocs" name="testMultiFieldBQ4" time="0.223"/>
   <testcase classname="org.apache.lucene.search.TestSimpleExplanationsWithFillerDocs" name="testBQ25" time="0.192"/>
   <testcase classname="org.apache.lucene.search.TestSimpleExplanationsWithFillerDocs" name="testEquality" time="0.0"/>
   <testcase classname="org.apache.lucene.search.TestSimpleExplanationsWithFillerDocs" name="testMultiFieldBQ10" time="0.128"/>
   <testcase classname="org.apache.lucene.search.TestSimpleExplanationsWithFillerDocs" name="testMultiFieldBQofPQ1" time="0.095"/>
   <testcase classname="org.apache.lucene.search.TestSimpleExplanationsWithFillerDocs" name="testP2" time="0.128"/>
   <testcase classname="org.apache.lucene.search.TestSimpleExplanationsWithFillerDocs" name="testBQ10" time="0.126"/>
   <testcase classname="org.apache.lucene.search.TestSimpleExplanationsWithFillerDocs" name="testDMQ6" time="0.176"/>
   <testcase classname="org.apache.lucene.search.TestSimpleExplanationsWithFillerDocs" name="testBQ6" time="0.172"/>
   <testcase classname="org.apache.lucene.search.TestSimpleExplanationsWithFillerDocs" name="testMultiFieldBQ5" time="0.221"/>
   <testcase classname="org.apache.lucene.search.TestSimpleExplanationsWithFillerDocs" name="testMA2" time="0.126"/>
   <testcase classname="org.apache.lucene.search.TestSimpleExplanationsWithFillerDocs" name="testP4" time="0.16"/>
   <testcase classname="org.apache.lucene.search.TestSimpleExplanationsWithFillerDocs" name="testBQ17" time="0.196"/>
   <testcase classname="org.apache.lucene.search.TestSimpleExplanationsWithFillerDocs" name="testDMQ7" time="0.183"/>
   <testcase classname="org.apache.lucene.search.TestSimpleExplanationsWithFillerDocs" name="testBQ11" time="0.144"/>
   <testcase classname="org.apache.lucene.search.TestSimpleExplanationsWithFillerDocs" name="testMPQ5" time="0.105"/>
   <testcase classname="org.apache.lucene.search.TestSimpleExplanationsWithFillerDocs" name="testBQ3" time="0.167"/>
   <testcase classname="org.apache.lucene.search.TestSimpleExplanationsWithFillerDocs" name="testT2" time="0.12"/>
   <testcase classname="org.apache.lucene.search.TestSimpleExplanationsWithFillerDocs" name="testMPQ2" time="0.133"/>
   <testcase classname="org.apache.lucene.search.TestSimpleExplanationsWithFillerDocs" name="testBQ19" time="0.085"/>
   <testcase classname="org.apache.lucene.search.TestSimpleExplanationsWithFillerDocs" name="testDMQ8" time="0.146"/>
   <testcase classname="org.apache.lucene.search.TestSimpleExplanationsWithFillerDocs" name="testMultiFieldBQ1" time="0.208"/>
   <testcase classname="org.apache.lucene.search.TestSimpleExplanationsWithFillerDocs" name="testBQ1" time="0.22"/>
   <testcase classname="org.apache.lucene.search.TestSimpleExplanationsWithFillerDocs" name="testP3" time="0.143"/>
   <testcase classname="org.apache.lucene.search.TestSimpleExplanationsWithFillerDocs" name="testDMQ4" time="0.113"/>
   <testcase classname="org.apache.lucene.search.TestSimpleExplanationsWithFillerDocs" name="testT1" time="0.125"/>
   <testcase classname="org.apache.lucene.search.TestSimpleExplanationsWithFillerDocs" name="testMA1" time="0.113"/>
   <testcase classname="org.apache.lucene.search.TestSimpleExplanationsWithFillerDocs" name="testMultiFieldBQ9" time="0.2"/>
   <testcase classname="org.apache.lucene.search.TestSimpleExplanationsWithFillerDocs" name="testBQ7" time="0.113"/>
   <testcase classname="org.apache.lucene.search.TestSimpleExplanationsWithFillerDocs" name="testMultiFieldBQ2" time="0.127"/>
   <testcase classname="org.apache.lucene.search.TestSimpleExplanationsWithFillerDocs" name="testBQ4" time="0.206"/>
   <testcase classname="org.apache.lucene.search.TestSimpleExplanationsWithFillerDocs" name="testBQ16" time="0.096"/>
   <testcase classname="org.apache.lucene.search.TestSimpleExplanationsWithFillerDocs" name="testBQ23" time="0.175"/>
   <testcase classname="org.apache.lucene.search.TestSimpleExplanationsWithFillerDocs" name="testBQ21" time="0.189"/>
   <testcase classname="org.apache.lucene.search.TestSimpleExplanationsWithFillerDocs" name="testP1" time="0.048"/>
   <testcase classname="org.apache.lucene.search.TestSimpleExplanationsWithFillerDocs" name="testMultiFieldBQofPQ7" time="0.228"/>
   <testcase classname="org.apache.lucene.search.TestSimpleExplanationsWithFillerDocs" name="testBQ26" time="0.064"/>
   <testcase classname="org.apache.lucene.search.TestSimpleExplanationsWithFillerDocs" name="testMultiFieldBQofPQ4" time="0.229"/>
   <testcase classname="org.apache.lucene.search.TestSimpleExplanationsWithFillerDocs" name="testMultiFieldBQofPQ5" time="0.123"/>
   <testcase classname="org.apache.lucene.search.TestSimpleExplanationsWithFillerDocs" name="testSynonymQuery" time="0.138"/>
   <testcase classname="org.apache.lucene.search.TestSimpleExplanationsWithFillerDocs" name="testMPQ4" time="0.054"/>
   <testcase classname="org.apache.lucene.search.TestSimpleExplanationsWithFillerDocs" name="testBQ5" time="0.167"/>
   <testcase classname="org.apache.lucene.search.TestSimpleExplanationsWithFillerDocs" name="testBQ2" time="0.11"/>
   <testcase classname="org.apache.lucene.search.TestSimpleExplanationsWithFillerDocs" name="testBQ9" time="0.191"/>
   <system-out><![CDATA[]]></system-out>
   <system-err><![CDATA[]]></system-err>
</testsuite>