<testsuite errors="0" failures="0" tests="113" skipped="3" name="org.apache.lucene.codecs.perfield.TestPerFieldDocValuesFormat" hostname="nohost.nodomain" time="19.751" timestamp="2024-05-28T18:49:02">
   <properties class="java.util.ArrayList">
      <property name="file.separator" value="\"/>
      <property name="java.class.path" value="D:\work\git\lucene-8.11.1\build\codecs\classes\java;D:\work\git\lucene-8.11.1\build\test-framework\classes\java;D:\work\git\lucene-8.11.1\test-framework\lib\hamcrest-core-1.3.jar;D:\work\git\lucene-8.11.1\test-framework\lib\junit-4.13.1.jar;D:\work\git\lucene-8.11.1\test-framework\lib\randomizedtesting-runner-2.7.2.jar;D:\work\git\lucene-8.11.1\build\core\classes\java;D:\work\git\lucene-8.11.1\build\core\classes\test;C:\Users\王娜\.ivy2\cache\com.carrotsearch.randomizedtesting\junit4-ant\jars\junit4-ant-2.7.2.jar"/>
      <property name="java.class.version" value="52.0"/>
      <property name="java.ext.dirs" value="C:\Program Files\Java\jdk1.8.0_351\jre\lib\ext;C:\WINDOWS\Sun\Java\lib\ext"/>
      <property name="java.home" value="C:\Program Files\Java\jdk1.8.0_351\jre"/>
      <property name="java.io.tmpdir" value="./temp"/>
      <property name="java.library.path" value="C:\Program Files\Java\jdk1.8.0_351\jre\bin;C:\WINDOWS\Sun\Java\bin;C:\WINDOWS\system32;C:\WINDOWS;C:\Program Files\Common Files\Oracle\Java\javapath;C:\Program Files (x86)\Common Files\Oracle\Java\javapath;C:\WINDOWS\system32;C:\WINDOWS;C:\WINDOWS\System32\Wbem;C:\WINDOWS\System32\WindowsPowerShell\v1.0\;C:\WINDOWS\System32\OpenSSH\;C:\Program Files\Docker\Docker\resources\bin;C:\Program Files\Git\cmd;C:\Program Files\dotnet\;C:\Program Files\nodejs\;C:\Program Files\TortoiseSVN\bin;C:\Users\王娜\AppData\Local\Microsoft\WindowsApps;C:\Program Files\JetBrains\CLion 2022.2.1\bin;;C:\Program Files\JetBrains\IntelliJ IDEA 2021.2.3\bin;;D:\software\mongo\mongodb-win32-x86_64-windows-4.4.19\bin;C:\WINDOWS\System32\Wbem;C:\Users\王娜\.dotnet\tools;C:\Users\王娜\AppData\Roaming\npm;C:\Program Files\JetBrains\PyCharm 2022.2.1\bin;;D:\software\ant\apache-ant-1.10.14\bin;;."/>
      <property name="java.specification.name" value="Java Platform API Specification"/>
      <property name="java.specification.vendor" value="Oracle Corporation"/>
      <property name="java.specification.version" value="1.8"/>
      <property name="java.vendor" value="Oracle Corporation"/>
      <property name="java.vendor.url" value="http://java.oracle.com/"/>
      <property name="java.version" value="1.8.0_351"/>
      <property name="java.vm.name" value="Java HotSpot(TM) 64-Bit Server VM"/>
      <property name="java.vm.specification.name" value="Java Virtual Machine Specification"/>
      <property name="java.vm.specification.vendor" value="Oracle Corporation"/>
      <property name="java.vm.specification.version" value="1.8"/>
      <property name="java.vm.vendor" value="Oracle Corporation"/>
      <property name="java.vm.version" value="25.351-b10"/>
      <property name="junit4.memory.total" value="253231104"/>
      <property name="junit4.pidString" value="3496@localhost"/>
      <property name="junit4.processors" value="16"/>
      <property name="line.separator" value="
"/>
      <property name="os.arch" value="amd64"/>
      <property name="os.name" value="Windows 11"/>
      <property name="os.version" value="10.0"/>
      <property name="path.separator" value=";"/>
      <property name="user.dir" value="D:\work\git\lucene-8.11.1\build\core\test\J1"/>
      <property name="user.home" value="C:\Users\王娜"/>
      <property name="user.name" value="王娜"/>
   </properties>
   <testcase classname="org.apache.lucene.codecs.perfield.TestPerFieldDocValuesFormat" name="testTwoSortedNumber" time="0.003"/>
   <testcase classname="org.apache.lucene.codecs.perfield.TestPerFieldDocValuesFormat" name="testCodecUsesOwnSortedBytes" time="0.001"/>
   <testcase classname="org.apache.lucene.codecs.perfield.TestPerFieldDocValuesFormat" name="testSparseGCDCompression" time="0.018"/>
   <testcase classname="org.apache.lucene.codecs.perfield.TestPerFieldDocValuesFormat" name="testMergeCalledOnTwoFormats" time="0.009"/>
   <testcase classname="org.apache.lucene.codecs.perfield.TestPerFieldDocValuesFormat" name="testSortedMergeAwayAllValuesLargeSegment" time="0.018"/>
   <testcase classname="org.apache.lucene.codecs.perfield.TestPerFieldDocValuesFormat" name="testSortedNumericsSingleValuedMissingVsStoredFields" time="0.039"/>
   <testcase classname="org.apache.lucene.codecs.perfield.TestPerFieldDocValuesFormat" name="testEmptyBinaryValueOnPageSizes" time="0.06"/>
   <testcase classname="org.apache.lucene.codecs.perfield.TestPerFieldDocValuesFormat" name="testCodecUsesOwnBytes" time="0.001"/>
   <testcase classname="org.apache.lucene.codecs.perfield.TestPerFieldDocValuesFormat" name="testTwoNumbersOneMissingWithMerging" time="0.005"/>
   <testcase classname="org.apache.lucene.codecs.perfield.TestPerFieldDocValuesFormat" name="testSortedSetTwoValuesUnordered" time="0.001"/>
   <testcase classname="org.apache.lucene.codecs.perfield.TestPerFieldDocValuesFormat" name="testLongNumericsVsStoredFields" time="0.054"/>
   <testcase classname="org.apache.lucene.codecs.perfield.TestPerFieldDocValuesFormat" name="testIntNumericsVsStoredFields" time="0.042"/>
   <testcase classname="org.apache.lucene.codecs.perfield.TestPerFieldDocValuesFormat" name="testBytesMergeAwayAllValues" time="0.0"/>
   <testcase classname="org.apache.lucene.codecs.perfield.TestPerFieldDocValuesFormat" name="testSparseBinaryFixedLengthVsStoredFields" time="0.016"/>
   <testcase classname="org.apache.lucene.codecs.perfield.TestPerFieldDocValuesFormat" name="testSortedNumericMergeAwayAllValuesLargeSegment" time="0.015"/>
   <testcase classname="org.apache.lucene.codecs.perfield.TestPerFieldDocValuesFormat" name="testSortedSetVariableLengthVsStoredFields" time="1.397"/>
   <testcase classname="org.apache.lucene.codecs.perfield.TestPerFieldDocValuesFormat" name="testSortedSetTwoDocumentsLastMissing" time="0.016"/>
   <testcase classname="org.apache.lucene.codecs.perfield.TestPerFieldDocValuesFormat" name="testMultiClose" time="0.094"/>
   <testcase classname="org.apache.lucene.codecs.perfield.TestPerFieldDocValuesFormat" name="testTwoNumbers" time="0.015"/>
   <testcase classname="org.apache.lucene.codecs.perfield.TestPerFieldDocValuesFormat" name="testSortedSetFixedLengthFewUniqueSetsVsStoredFields" time="1.163"/>
   <testcase classname="org.apache.lucene.codecs.perfield.TestPerFieldDocValuesFormat" name="testRandomExceptions" time="0.062"/>
   <testcase classname="org.apache.lucene.codecs.perfield.TestPerFieldDocValuesFormat" name="testEmptySortedBytes" time="0.0"/>
   <testcase classname="org.apache.lucene.codecs.perfield.TestPerFieldDocValuesFormat" name="testDocValuesMergeWithIndexedFields" time="0.016"/>
   <testcase classname="org.apache.lucene.codecs.perfield.TestPerFieldDocValuesFormat" name="testNumberMergeAwayAllValues" time="0.0"/>
   <testcase classname="org.apache.lucene.codecs.perfield.TestPerFieldDocValuesFormat" name="testVeryLargeButLegalBytes" time="0.0"/>
   <testcase classname="org.apache.lucene.codecs.perfield.TestPerFieldDocValuesFormat" name="testTwoBinaryValues" time="0.0"/>
   <testcase classname="org.apache.lucene.codecs.perfield.TestPerFieldDocValuesFormat" name="testBinaryVariableLengthVsStoredFields" time="0.062"/>
   <testcase classname="org.apache.lucene.codecs.perfield.TestPerFieldDocValuesFormat" name="testOneSortedNumberOneMissing" time="0.0"/>
   <testcase classname="org.apache.lucene.codecs.perfield.TestPerFieldDocValuesFormat" name="testSortedTermsEnum" time="0.007"/>
   <testcase classname="org.apache.lucene.codecs.perfield.TestPerFieldDocValuesFormat" name="testBigNumericRange" time="0.0"/>
   <testcase classname="org.apache.lucene.codecs.perfield.TestPerFieldDocValuesFormat" name="testSortedSetMergeAwayAllValuesLargeSegment" time="0.025"/>
   <testcase classname="org.apache.lucene.codecs.perfield.TestPerFieldDocValuesFormat" name="testSparseSortedFixedLengthVsStoredFields" time="1.381"/>
   <testcase classname="org.apache.lucene.codecs.perfield.TestPerFieldDocValuesFormat" name="testSortedBytesTwoDocumentsMerged" time="0.0"/>
   <testcase classname="org.apache.lucene.codecs.perfield.TestPerFieldDocValuesFormat" name="testOneFloat" time="0.0"/>
   <testcase classname="org.apache.lucene.codecs.perfield.TestPerFieldDocValuesFormat" name="testSortedSetVariableLengthFewUniqueSetsVsStoredFields" time="1.14"/>
   <testcase classname="org.apache.lucene.codecs.perfield.TestPerFieldDocValuesFormat" name="testThreads2" time="0.0">
      <skipped></skipped>
   </testcase>
   <testcase classname="org.apache.lucene.codecs.perfield.TestPerFieldDocValuesFormat" name="testOneSortedNumber" time="0.0"/>
   <testcase classname="org.apache.lucene.codecs.perfield.TestPerFieldDocValuesFormat" name="testTwoFieldsTwoFormats" time="0.0"/>
   <testcase classname="org.apache.lucene.codecs.perfield.TestPerFieldDocValuesFormat" name="testBinaryMergeAwayAllValuesLargeSegment" time="0.047"/>
   <testcase classname="org.apache.lucene.codecs.perfield.TestPerFieldDocValuesFormat" name="testEmptyBytes" time="0.0"/>
   <testcase classname="org.apache.lucene.codecs.perfield.TestPerFieldDocValuesFormat" name="testSparseByteNumericsVsStoredFields" time="0.031"/>
   <testcase classname="org.apache.lucene.codecs.perfield.TestPerFieldDocValuesFormat" name="testSortedSetTermsEnum" time="0.0"/>
   <testcase classname="org.apache.lucene.codecs.perfield.TestPerFieldDocValuesFormat" name="testSortedSetTwoValues" time="0.0"/>
   <testcase classname="org.apache.lucene.codecs.perfield.TestPerFieldDocValuesFormat" name="testThreeNumbersOneMissingWithMerging" time="0.0"/>
   <testcase classname="org.apache.lucene.codecs.perfield.TestPerFieldDocValuesFormat" name="testSortedBytesThreeDocuments" time="0.016"/>
   <testcase classname="org.apache.lucene.codecs.perfield.TestPerFieldDocValuesFormat" name="testSortedSetFixedLengthManyValuesPerDocVsStoredFields" time="0.424"/>
   <testcase classname="org.apache.lucene.codecs.perfield.TestPerFieldDocValuesFormat" name="testSortedSetTwoDocumentsMerged" time="0.0"/>
   <testcase classname="org.apache.lucene.codecs.perfield.TestPerFieldDocValuesFormat" name="testTwoNumbersOneMissing" time="0.0"/>
   <testcase classname="org.apache.lucene.codecs.perfield.TestPerFieldDocValuesFormat" name="testSortedFixedLengthVsStoredFields" time="1.15"/>
   <testcase classname="org.apache.lucene.codecs.perfield.TestPerFieldDocValuesFormat" name="testSortedSetEnumAdvanceIndependently" time="0.016"/>
   <testcase classname="org.apache.lucene.codecs.perfield.TestPerFieldDocValuesFormat" name="testNumericMergeAwayAllValuesLargeSegment" time="0.016"/>
   <testcase classname="org.apache.lucene.codecs.perfield.TestPerFieldDocValuesFormat" name="testSortedSetFixedLengthVsStoredFields" time="1.687"/>
   <testcase classname="org.apache.lucene.codecs.perfield.TestPerFieldDocValuesFormat" name="testSortedSetVariableLengthManyValuesPerDocVsStoredFields" time="0.534"/>
   <testcase classname="org.apache.lucene.codecs.perfield.TestPerFieldDocValuesFormat" name="testSortedEnumAdvanceIndependently" time="0.0"/>
   <testcase classname="org.apache.lucene.codecs.perfield.TestPerFieldDocValuesFormat" name="testBytesTwoDocumentsMerged" time="0.0"/>
   <testcase classname="org.apache.lucene.codecs.perfield.TestPerFieldDocValuesFormat" name="testThreeBytesOneMissingWithMerging" time="0.015"/>
   <testcase classname="org.apache.lucene.codecs.perfield.TestPerFieldDocValuesFormat" name="testShortNumericsVsStoredFields" time="0.048"/>
   <testcase classname="org.apache.lucene.codecs.perfield.TestPerFieldDocValuesFormat" name="testBooleanNumericsVsStoredFields" time="0.031"/>
   <testcase classname="org.apache.lucene.codecs.perfield.TestPerFieldDocValuesFormat" name="testSortedVariableLengthVsStoredFields" time="2.416"/>
   <testcase classname="org.apache.lucene.codecs.perfield.TestPerFieldDocValuesFormat" name="testVeryLargeButLegalSortedBytes" time="0.0"/>
   <testcase classname="org.apache.lucene.codecs.perfield.TestPerFieldDocValuesFormat" name="testSortedMergeAwayAllValues" time="0.0"/>
   <testcase classname="org.apache.lucene.codecs.perfield.TestPerFieldDocValuesFormat" name="testSortedNumericsSingleValuedVsStoredFields" time="0.392"/>
   <testcase classname="org.apache.lucene.codecs.perfield.TestPerFieldDocValuesFormat" name="testSortedNumericsMultipleValuesVsStoredFields" time="0.204"/>
   <testcase classname="org.apache.lucene.codecs.perfield.TestPerFieldDocValuesFormat" name="testRandomAdvanceBinary" time="1.24"/>
   <testcase classname="org.apache.lucene.codecs.perfield.TestPerFieldDocValuesFormat" name="testTwoBytesOneMissingWithMerging" time="0.009"/>
   <testcase classname="org.apache.lucene.codecs.perfield.TestPerFieldDocValuesFormat" name="testTwoFieldsMixed" time="0.004"/>
   <testcase classname="org.apache.lucene.codecs.perfield.TestPerFieldDocValuesFormat" name="testGCDCompression" time="0.044"/>
   <testcase classname="org.apache.lucene.codecs.perfield.TestPerFieldDocValuesFormat" name="testSparseBinaryVariableLengthVsStoredFields" time="0.019"/>
   <testcase classname="org.apache.lucene.codecs.perfield.TestPerFieldDocValuesFormat" name="testSparseZeros" time="0.014"/>
   <testcase classname="org.apache.lucene.codecs.perfield.TestPerFieldDocValuesFormat" name="testRandomAdvanceNumeric" time="0.866"/>
   <testcase classname="org.apache.lucene.codecs.perfield.TestPerFieldDocValuesFormat" name="testTwoBytesOneMissing" time="0.0"/>
   <testcase classname="org.apache.lucene.codecs.perfield.TestPerFieldDocValuesFormat" name="testZeroOrMin" time="0.094"/>
   <testcase classname="org.apache.lucene.codecs.perfield.TestPerFieldDocValuesFormat" name="testSortedNumericsFewUniqueSetsVsStoredFields" time="0.047"/>
   <testcase classname="org.apache.lucene.codecs.perfield.TestPerFieldDocValuesFormat" name="testByteNumericsVsStoredFields" time="0.047"/>
   <testcase classname="org.apache.lucene.codecs.perfield.TestPerFieldDocValuesFormat" name="testSortedSetOneValue" time="0.0"/>
   <testcase classname="org.apache.lucene.codecs.perfield.TestPerFieldDocValuesFormat" name="testSortedBytesTwoDocuments" time="0.016"/>
   <testcase classname="org.apache.lucene.codecs.perfield.TestPerFieldDocValuesFormat" name="testCheckIntegrityReadsAllBytes" time="0.0"/>
   <testcase classname="org.apache.lucene.codecs.perfield.TestPerFieldDocValuesFormat" name="testSortedSetFixedLengthSingleValuedVsStoredFields" time="1.351"/>
   <testcase classname="org.apache.lucene.codecs.perfield.TestPerFieldDocValuesFormat" name="testSparseBooleanNumericsVsStoredFields" time="0.014"/>
   <testcase classname="org.apache.lucene.codecs.perfield.TestPerFieldDocValuesFormat" name="testSortedSetTwoFields" time="0.0"/>
   <testcase classname="org.apache.lucene.codecs.perfield.TestPerFieldDocValuesFormat" name="testZeros" time="0.031"/>
   <testcase classname="org.apache.lucene.codecs.perfield.TestPerFieldDocValuesFormat" name="testTwoSortedNumberSameValue" time="0.0"/>
   <testcase classname="org.apache.lucene.codecs.perfield.TestPerFieldDocValuesFormat" name="testSortedNumberMergeAwayAllValues" time="0.0"/>
   <testcase classname="org.apache.lucene.codecs.perfield.TestPerFieldDocValuesFormat" name="testSortedSetTwoDocumentsFirstMissing" time="0.0"/>
   <testcase classname="org.apache.lucene.codecs.perfield.TestPerFieldDocValuesFormat" name="testRamBytesUsed" time="0.0">
      <skipped></skipped>
   </testcase>
   <testcase classname="org.apache.lucene.codecs.perfield.TestPerFieldDocValuesFormat" name="testMergeStability" time="0.016"/>
   <testcase classname="org.apache.lucene.codecs.perfield.TestPerFieldDocValuesFormat" name="testSparseShortNumericsVsStoredFields" time="0.047"/>
   <testcase classname="org.apache.lucene.codecs.perfield.TestPerFieldDocValuesFormat" name="testThreads" time="0.031"/>
   <testcase classname="org.apache.lucene.codecs.perfield.TestPerFieldDocValuesFormat" name="testBytesWithNewline" time="0.0"/>
   <testcase classname="org.apache.lucene.codecs.perfield.TestPerFieldDocValuesFormat" name="testBigNumericRange2" time="0.0"/>
   <testcase classname="org.apache.lucene.codecs.perfield.TestPerFieldDocValuesFormat" name="testSortedBytes" time="0.0"/>
   <testcase classname="org.apache.lucene.codecs.perfield.TestPerFieldDocValuesFormat" name="testMissingSortedBytes" time="0.0"/>
   <testcase classname="org.apache.lucene.codecs.perfield.TestPerFieldDocValuesFormat" name="testVariouslyCompressibleBinaryValues" time="0.016"/>
   <testcase classname="org.apache.lucene.codecs.perfield.TestPerFieldDocValuesFormat" name="testTwoDocumentsMerged" time="0.016"/>
   <testcase classname="org.apache.lucene.codecs.perfield.TestPerFieldDocValuesFormat" name="testThreeFieldsMixed" time="0.0"/>
   <testcase classname="org.apache.lucene.codecs.perfield.TestPerFieldDocValuesFormat" name="testTwoSortedNumberOneMissing" time="0.0"/>
   <testcase classname="org.apache.lucene.codecs.perfield.TestPerFieldDocValuesFormat" name="testSortedSetMergeAwayAllValues" time="0.0"/>
   <testcase classname="org.apache.lucene.codecs.perfield.TestPerFieldDocValuesFormat" name="testDocValuesSimple" time="0.015"/>
   <testcase classname="org.apache.lucene.codecs.perfield.TestPerFieldDocValuesFormat" name="testSortedSetTwoDocumentsFirstMissingMerge" time="0.0"/>
   <testcase classname="org.apache.lucene.codecs.perfield.TestPerFieldDocValuesFormat" name="testSparseLongNumericsVsStoredFields" time="0.016"/>
   <testcase classname="org.apache.lucene.codecs.perfield.TestPerFieldDocValuesFormat" name="testBinaryFixedLengthVsStoredFields" time="0.032"/>
   <testcase classname="org.apache.lucene.codecs.perfield.TestPerFieldDocValuesFormat" name="testSortedSetThreeValuesTwoDocs" time="0.0"/>
   <testcase classname="org.apache.lucene.codecs.perfield.TestPerFieldDocValuesFormat" name="testOneNumber" time="0.0"/>
   <testcase classname="org.apache.lucene.codecs.perfield.TestPerFieldDocValuesFormat" name="testSortedSetVariableLengthSingleValuedVsStoredFields" time="1.485"/>
   <testcase classname="org.apache.lucene.codecs.perfield.TestPerFieldDocValuesFormat" name="testSparseSortedVariableLengthVsStoredFields" time="1.239"/>
   <testcase classname="org.apache.lucene.codecs.perfield.TestPerFieldDocValuesFormat" name="testRandomSortedBytes" time="0.048"/>
   <testcase classname="org.apache.lucene.codecs.perfield.TestPerFieldDocValuesFormat" name="testBytes" time="0.0"/>
   <testcase classname="org.apache.lucene.codecs.perfield.TestPerFieldDocValuesFormat" name="testThreads3" time="0.0">
      <skipped></skipped>
   </testcase>
   <testcase classname="org.apache.lucene.codecs.perfield.TestPerFieldDocValuesFormat" name="testSortedSetTwoDocumentsLastMissingMerge" time="0.0"/>
   <testcase classname="org.apache.lucene.codecs.perfield.TestPerFieldDocValuesFormat" name="testTwoDocumentsNumeric" time="0.015"/>
   <testcase classname="org.apache.lucene.codecs.perfield.TestPerFieldDocValuesFormat" name="testSortedNumberMerge" time="0.0"/>
   <testcase classname="org.apache.lucene.codecs.perfield.TestPerFieldDocValuesFormat" name="testSparseIntNumericsVsStoredFields" time="0.031"/>
   <testcase classname="org.apache.lucene.codecs.perfield.TestPerFieldDocValuesFormat" name="testThreeFieldsMixed2" time="0.0"/>
   <system-out><![CDATA[]]></system-out>
   <system-err><![CDATA[]]></system-err>
</testsuite>